10-04-2023 08:20:23 : info -->  Thunder Client (https://www.thunderclient.com) requested a signUp { req: { method: POST, url: /listify/signUp} } }
10-04-2023 08:22:04 : info -->  Thunder Client (https://www.thunderclient.com) requested a signUp { req: { method: POST, url: /listify/signUp} } }
10-04-2023 08:22:21 : info -->  Thunder Client (https://www.thunderclient.com) requested a signUp { req: { method: POST, url: /listify/signUp} } }
10-04-2023 08:22:51 : info -->  "user4@gmail.com" Logged In through Thunder Client (https://www.thunderclient.com) by { req: { method: POST, url: /listify/login} } }
10-04-2023 09:02:00 : info -->  "user4@gmail.com" Logged In through Thunder Client (https://www.thunderclient.com) by { req: { method: POST, url: /listify/login} } }
10-04-2023 10:03:59 : info -->  "user4@gmail.com" Logged In through Thunder Client (https://www.thunderclient.com) by { req: { method: POST, url: /listify/login} } }
10-04-2023 11:47:00 : info -->  Thunder Client (https://www.thunderclient.com) requested a signUp { req: { method: POST, url: /listify/signUp} } }
10-04-2023 11:50:43 : info -->  Thunder Client (https://www.thunderclient.com) requested a signUp { req: { method: POST, url: /listify/signUp} } }
10-04-2023 11:51:33 : info -->  Thunder Client (https://www.thunderclient.com) requested a signUp { req: { method: POST, url: /listify/signUp} } }
10-04-2023 11:51:52 : info -->  Thunder Client (https://www.thunderclient.com) requested a signUp { req: { method: POST, url: /listify/signUp} } }
10-04-2023 11:56:39 : info -->  Thunder Client (https://www.thunderclient.com) requested a signUp { req: { method: POST, url: /listify/signUp} } }
10-04-2023 11:57:44 : info -->  Thunder Client (https://www.thunderclient.com) requested a signUp { req: { method: POST, url: /listify/signUp} } }
10-04-2023 12:29:03 : info --> "user4@gmail.com" Logged In through Thunder Client (https://www.thunderclient.com) by { req: { method: POST, url: /listify/login} } }
10-04-2023 12:30:21 : info --> "user4@gmail.com" Logged In through Thunder Client (https://www.thunderclient.com) by { req: { method: POST, url: /listify/login} } }
10-04-2023 12:32:48 : info --> "user4@gmail.com" Signed up through Thunder Client (https://www.thunderclient.com) by { req: { method: POST, url: /listify/signUp} } }
10-04-2023 16:20:30 : info --> "user4@gmail.com" Signed up through Thunder Client (https://www.thunderclient.com) by { req: { method: POST, url: /listify/signUp} } }
10-04-2023 16:22:53 : info --> "user4@gmail.com" Signed up through Thunder Client (https://www.thunderclient.com) by { req: { method: POST, url: /listify/signUp} } }
10-04-2023 16:23:14 : info --> "user5@gmail.com" Signed up through Thunder Client (https://www.thunderclient.com) by { req: { method: POST, url: /listify/signUp} } }
10-04-2023 16:25:30 : info --> "user5@gmail.com" Signed up through Thunder Client (https://www.thunderclient.com) by { req: { method: POST, url: /listify/signUp} } }
10-04-2023 16:25:36 : info --> "user6@gmail.com" Signed up through Thunder Client (https://www.thunderclient.com) by { req: { method: POST, url: /listify/signUp} } }
10-04-2023 16:25:40 : info --> "user6@gmail.com" Signed up through Thunder Client (https://www.thunderclient.com) by { req: { method: POST, url: /listify/signUp} } }
10-04-2023 16:26:54 : info --> "user6@gmail.com" Signed up through Thunder Client (https://www.thunderclient.com) by { req: { method: POST, url: /listify/signUp} } }
10-04-2023 17:07:05 : info --> "user111@gmail.com" Signed in through axios/1.3.5 by { req: { method: POST, url: /listify/signUp} } }
10-04-2023 17:08:08 : info --> "user6@gmail.com" Signed in through Thunder Client (https://www.thunderclient.com) by { req: { method: POST, url: /listify/signUp} } }
10-04-2023 17:08:14 : info --> "user111@gmail.com" Signed in through Thunder Client (https://www.thunderclient.com) by { req: { method: POST, url: /listify/signUp} } }
10-04-2023 17:09:11 : info --> "user1101@gmail.com" Signed in through axios/1.3.5 by { req: { method: POST, url: /listify/signUp} } }
10-04-2023 17:11:25 : info --> "user1101@gmail.com" Signed in through axios/1.3.5 by { req: { method: POST, url: /listify/signUp} } }
10-04-2023 17:11:53 : info --> "user1101@gmail.com" Signed in through axios/1.3.5 by { req: { method: POST, url: /listify/signUp} } }
10-04-2023 17:12:07 : info --> "user1101@gmail.com" Signed in through Thunder Client (https://www.thunderclient.com) by { req: { method: POST, url: /listify/signUp} } }
10-04-2023 17:13:52 : info --> "user11001@gmail.com" Signed in through axios/1.3.5 by { req: { method: POST, url: /listify/signUp} } }
10-04-2023 17:16:24 : info --> "user11001@gmail.com" Signed in through axios/1.3.5 by { req: { method: POST, url: /listify/signUp} } }
10-04-2023 17:16:43 : info --> "user110001@gmail.com" Signed in through axios/1.3.5 by { req: { method: POST, url: /listify/signUp} } }
10-04-2023 17:17:10 : info --> "user110001@gmail.com" Signed in through axios/1.3.5 by { req: { method: POST, url: /listify/signUp} } }
10-04-2023 17:17:19 : info --> "user1100101@gmail.com" Signed in through axios/1.3.5 by { req: { method: POST, url: /listify/signUp} } }
10-04-2023 17:20:49 : info --> "user1100101@gmail.com" Signed in through axios/1.3.5 by { req: { method: POST, url: /listify/signUp} } }
10-04-2023 17:21:03 : info --> "user1100101@gmail.com" Signed in through axios/1.3.5 by { req: { method: POST, url: /listify/signUp} } }
10-04-2023 17:26:58 : info --> "user1100101@gmail.com" Signed in through axios/1.3.5 by { req: { method: POST, url: /listify/signUp} } }
10-04-2023 17:27:27 : info --> "user11001011@gmail.com" Signed in through axios/1.3.5 by { req: { method: POST, url: /listify/signUp} } }
10-04-2023 23:39:35 : info --> "user9@gmail.com" Logged In through Thunder Client (https://www.thunderclient.com) by { req: { method: POST, url: /listify/login} } }
11-04-2023 08:32:01 : info --> "user556@gmail.com" Signed in through Thunder Client (https://www.thunderclient.com) by { req: { method: POST, url: /listify/signUp} } }
11-04-2023 08:34:49 : info --> "user556@gmail.com" Logged In through Thunder Client (https://www.thunderclient.com) by { req: { method: POST, url: /listify/login} } }
11-04-2023 09:42:12 : info --> "user1700@gmail.com" Signed in through axios/1.3.5 by { req: { method: POST, url: /listify/signUp} } }
11-04-2023 09:42:27 : info --> "user17900@gmail.com" Signed in through axios/1.3.5 by { req: { method: POST, url: /listify/signUp} } }
11-04-2023 09:59:56 : info --> "user179900@gmail.com" Signed in through axios/1.3.5 by { req: { method: POST, url: /listify/signUp} } }
11-04-2023 10:04:32 : info --> "user1799800@gmail.com" Signed in through axios/1.3.5 by { req: { method: POST, url: /listify/signUp} } }
11-04-2023 10:35:07 : info --> "user17998070@gmail.com" Signed in through axios/1.3.5 by { req: { method: POST, url: /listify/signUp} } }
11-04-2023 10:47:19 : info --> "user1l@gmail.com" Signed in through axios/1.3.5 by { req: { method: POST, url: /listify/signUp} } }
11-04-2023 11:50:05 : info --> "user9@gmail.com" Signed in through Thunder Client (https://www.thunderclient.com) by { req: { method: POST, url: /listify/signUp} } }
11-04-2023 11:52:44 : info --> "user9@gmail.com" Signed in through Thunder Client (https://www.thunderclient.com) by { req: { method: POST, url: /listify/signUp} } }
11-04-2023 11:59:46 : info --> "user9@gmail.com" Signed in through Thunder Client (https://www.thunderclient.com) by { req: { method: POST, url: /listify/signUp} } }
11-04-2023 13:58:24 : info --> "user9@gmail.com" Signed in through Thunder Client (https://www.thunderclient.com) by { req: { method: POST, url: /listify/signUp} } }
11-04-2023 23:22:25 : info --> "user9@gmail.com" Signed in through Thunder Client (https://www.thunderclient.com) by { req: { method: POST, url: /listify/signUp} } }
11-04-2023 23:23:46 : info --> "user9@gmail.com" Signed in through Thunder Client (https://www.thunderclient.com) by { req: { method: POST, url: /listify/signUp} } }
11-04-2023 23:27:32 : info --> "user9@gmail.com" Signed in through axios/1.3.5 by { req: { method: POST, url: /listify/signUp} } }
11-04-2023 23:28:49 : info --> "user9@gmail.com" Signed in through axios/1.3.5 by { req: { method: POST, url: /listify/signUp} } }
11-04-2023 23:54:58 : info --> "user9@gmail.com" Logged In through axios/1.3.5 by { req: { method: POST, url: /listify/login} } }
11-04-2023 23:55:31 : info --> "user9@gmail.com" Logged In through axios/1.3.5 by { req: { method: POST, url: /listify/login} } }
11-04-2023 23:59:10 : info --> "user9@gmail.com" Logged In through Thunder Client (https://www.thunderclient.com) by { req: { method: POST, url: /listify/login} } }
12-04-2023 00:33:58 : info --> "user9@gmail.com" Logged In through Thunder Client (https://www.thunderclient.com) by { req: { method: POST, url: /listify/login} } }
12-04-2023 01:23:02 : info --> "user9@gmail.com" Logged In through Thunder Client (https://www.thunderclient.com) by { req: { method: POST, url: /listify/login} } }
12-04-2023 01:41:49 : info --> "user9@gmail.com" Logged In through Thunder Client (https://www.thunderclient.com) by { req: { method: POST, url: /listify/login} } }
12-04-2023 08:38:57 : info --> "user9@gmail.com" Logged In through Thunder Client (https://www.thunderclient.com) by { req: { method: POST, url: /listify/login} } }
12-04-2023 09:13:45 : info --> "user9@gmail.com" Logged In through Thunder Client (https://www.thunderclient.com) by { req: { method: POST, url: /listify/login} } }
12-04-2023 09:45:08 : info --> "user9@gmail.com" Logged In through Thunder Client (https://www.thunderclient.com) by { req: { method: POST, url: /listify/login} } }
12-04-2023 11:20:07 : info --> "user9@gmail.com" Logged In through Thunder Client (https://www.thunderclient.com) by { req: { method: POST, url: /listify/login} } }
12-04-2023 12:39:23 : info --> "user9@gmail.com" Logged In through Thunder Client (https://www.thunderclient.com) by { req: { method: POST, url: /listify/login} } }
12-04-2023 14:17:14 : info --> "user9@gmail.com" Logged In through Thunder Client (https://www.thunderclient.com) by { req: { method: POST, url: /listify/login} } }
12-04-2023 14:31:34 : info --> "user1ll@gmail.com" Signed in through axios/1.3.5 by { req: { method: POST, url: /listify/signUp} } }
12-04-2023 14:31:34 : info --> "user9@gmail.com" Signed in through axios/1.3.5 by { req: { method: POST, url: /listify/signUp} } }
12-04-2023 14:32:05 : info --> "user1ll@gmail.com" Signed in through axios/1.3.5 by { req: { method: POST, url: /listify/signUp} } }
12-04-2023 14:32:05 : info --> "user9@gmail.com" Signed in through axios/1.3.5 by { req: { method: POST, url: /listify/signUp} } }
12-04-2023 14:32:20 : info --> "user1ll@gmail.com" Signed in through axios/1.3.5 by { req: { method: POST, url: /listify/signUp} } }
12-04-2023 14:32:20 : info --> "user9@gmail.com" Signed in through axios/1.3.5 by { req: { method: POST, url: /listify/signUp} } }
12-04-2023 14:32:20 : info --> "user9@gmail.com" Logged In through axios/1.3.5 by { req: { method: POST, url: /listify/login} } }
12-04-2023 14:32:38 : info --> "user1ll@gmail.com" Signed in through axios/1.3.5 by { req: { method: POST, url: /listify/signUp} } }
12-04-2023 14:32:38 : info --> "user9@gmail.com" Signed in through axios/1.3.5 by { req: { method: POST, url: /listify/signUp} } }
12-04-2023 14:32:38 : info --> "user9@gmail.com" Logged In through axios/1.3.5 by { req: { method: POST, url: /listify/login} } }
12-04-2023 14:32:52 : info --> "user9@gmail.com" Logged In through Thunder Client (https://www.thunderclient.com) by { req: { method: POST, url: /listify/login} } }
12-04-2023 14:34:19 : info --> "user1ll@gmail.com" Signed in through axios/1.3.5 by { req: { method: POST, url: /listify/signUp} } }
12-04-2023 14:34:19 : info --> "user9@gmail.com" Signed in through axios/1.3.5 by { req: { method: POST, url: /listify/signUp} } }
12-04-2023 14:34:19 : info --> "user9@gmail.com" Logged In through axios/1.3.5 by { req: { method: POST, url: /listify/login} } }
12-04-2023 14:36:07 : info --> "user1ll@gmail.com" Signed in through axios/1.3.5 by { req: { method: POST, url: /listify/signUp} } }
12-04-2023 14:36:07 : info --> "user9@gmail.com" Signed in through axios/1.3.5 by { req: { method: POST, url: /listify/signUp} } }
12-04-2023 14:36:08 : info --> "user9@gmail.com" Logged In through axios/1.3.5 by { req: { method: POST, url: /listify/login} } }
12-04-2023 14:36:23 : info --> "user1ll@gmail.com" Signed in through axios/1.3.5 by { req: { method: POST, url: /listify/signUp} } }
12-04-2023 14:36:23 : info --> "user9@gmail.com" Signed in through axios/1.3.5 by { req: { method: POST, url: /listify/signUp} } }
12-04-2023 14:36:23 : info --> "user9@gmail.com" Logged In through axios/1.3.5 by { req: { method: POST, url: /listify/login} } }
12-04-2023 19:07:46 : info --> "user1ll@gmail.com" Signed in through axios/1.3.5 by { req: { method: POST, url: /listify/signUp} } }
12-04-2023 19:07:46 : info --> "user9@gmail.com" Signed in through axios/1.3.5 by { req: { method: POST, url: /listify/signUp} } }
12-04-2023 19:07:46 : info --> "user9@gmail.com" Logged In through axios/1.3.5 by { req: { method: POST, url: /listify/login} } }
12-04-2023 19:08:42 : info --> "user9@gmail.com" Logged In through Thunder Client (https://www.thunderclient.com) by { req: { method: POST, url: /listify/login} } }
12-04-2023 19:09:38 : info --> "user1ll@gmail.com" Signed in through axios/1.3.5 by { req: { method: POST, url: /listify/signUp} } }
12-04-2023 19:09:38 : info --> "user9@gmail.com" Signed in through axios/1.3.5 by { req: { method: POST, url: /listify/signUp} } }
12-04-2023 19:09:38 : info --> "user9@gmail.com" Logged In through axios/1.3.5 by { req: { method: POST, url: /listify/login} } }
12-04-2023 19:09:56 : info --> "user1ll@gmail.com" Signed in through axios/1.3.5 by { req: { method: POST, url: /listify/signUp} } }
12-04-2023 19:09:56 : info --> "user9@gmail.com" Signed in through axios/1.3.5 by { req: { method: POST, url: /listify/signUp} } }
12-04-2023 19:09:56 : info --> "user9@gmail.com" Logged In through axios/1.3.5 by { req: { method: POST, url: /listify/login} } }
12-04-2023 19:10:09 : info --> "user1ll@gmail.com" Signed in through axios/1.3.5 by { req: { method: POST, url: /listify/signUp} } }
12-04-2023 19:10:09 : info --> "user9@gmail.com" Signed in through axios/1.3.5 by { req: { method: POST, url: /listify/signUp} } }
12-04-2023 19:10:38 : info --> "user1ll@gmail.com" Signed in through axios/1.3.5 by { req: { method: POST, url: /listify/signUp} } }
12-04-2023 19:10:38 : info --> "user9@gmail.com" Signed in through axios/1.3.5 by { req: { method: POST, url: /listify/signUp} } }
12-04-2023 19:10:38 : info --> "user9@gmail.com" Logged In through axios/1.3.5 by { req: { method: POST, url: /listify/login} } }
12-04-2023 22:52:24 : info --> "user9@gmail.com" Logged In through Thunder Client (https://www.thunderclient.com) by { req: { method: POST, url: /listify/login} } }
12-04-2023 22:52:46 : info --> "user1ll@gmail.com" Signed in through axios/1.3.5 by { req: { method: POST, url: /listify/signUp} } }
12-04-2023 22:52:46 : info --> "user9@gmail.com" Signed in through axios/1.3.5 by { req: { method: POST, url: /listify/signUp} } }
12-04-2023 22:52:46 : info --> "user9@gmail.com" Logged In through axios/1.3.5 by { req: { method: POST, url: /listify/login} } }
12-04-2023 22:52:52 : info --> "user1ll@gmail.com" Signed in through axios/1.3.5 by { req: { method: POST, url: /listify/signUp} } }
12-04-2023 22:52:52 : info --> "user9@gmail.com" Signed in through axios/1.3.5 by { req: { method: POST, url: /listify/signUp} } }
12-04-2023 22:52:57 : info --> "user1ll@gmail.com" Signed in through axios/1.3.5 by { req: { method: POST, url: /listify/signUp} } }
12-04-2023 22:52:57 : info --> "user9@gmail.com" Signed in through axios/1.3.5 by { req: { method: POST, url: /listify/signUp} } }
12-04-2023 22:52:57 : info --> "user9@gmail.com" Logged In through axios/1.3.5 by { req: { method: POST, url: /listify/login} } }
12-04-2023 22:53:03 : info --> "user1ll@gmail.com" Signed in through axios/1.3.5 by { req: { method: POST, url: /listify/signUp} } }
12-04-2023 22:53:03 : info --> "user9@gmail.com" Signed in through axios/1.3.5 by { req: { method: POST, url: /listify/signUp} } }
12-04-2023 22:53:22 : info --> "user1ll@gmail.com" Signed in through axios/1.3.5 by { req: { method: POST, url: /listify/signUp} } }
12-04-2023 22:53:22 : info --> "user9@gmail.com" Signed in through axios/1.3.5 by { req: { method: POST, url: /listify/signUp} } }
12-04-2023 22:53:22 : info --> "user9@gmail.com" Logged In through axios/1.3.5 by { req: { method: POST, url: /listify/login} } }
12-04-2023 23:00:36 : info --> "user9@gmail.com" Logged In through Thunder Client (https://www.thunderclient.com) by { req: { method: POST, url: /listify/login} } }
12-04-2023 23:01:04 : info --> "user1ll@gmail.com" Signed in through axios/1.3.5 by { req: { method: POST, url: /listify/signUp} } }
12-04-2023 23:01:04 : info --> "user9@gmail.com" Signed in through axios/1.3.5 by { req: { method: POST, url: /listify/signUp} } }
12-04-2023 23:01:04 : info --> "user9@gmail.com" Logged In through axios/1.3.5 by { req: { method: POST, url: /listify/login} } }
12-04-2023 23:01:10 : info --> "user1ll@gmail.com" Signed in through axios/1.3.5 by { req: { method: POST, url: /listify/signUp} } }
12-04-2023 23:01:10 : info --> "user9@gmail.com" Signed in through axios/1.3.5 by { req: { method: POST, url: /listify/signUp} } }
12-04-2023 23:01:14 : info --> "user1ll@gmail.com" Signed in through axios/1.3.5 by { req: { method: POST, url: /listify/signUp} } }
12-04-2023 23:01:14 : info --> "user9@gmail.com" Signed in through axios/1.3.5 by { req: { method: POST, url: /listify/signUp} } }
12-04-2023 23:01:14 : info --> "user9@gmail.com" Logged In through axios/1.3.5 by { req: { method: POST, url: /listify/login} } }
12-04-2023 23:06:29 : info --> "user1ll@gmail.com" Signed in through axios/1.3.5 by { req: { method: POST, url: /listify/signUp} } }
12-04-2023 23:06:29 : info --> "user9@gmail.com" Signed in through axios/1.3.5 by { req: { method: POST, url: /listify/signUp} } }
12-04-2023 23:06:29 : info --> "user9@gmail.com" Logged In through axios/1.3.5 by { req: { method: POST, url: /listify/login} } }
12-04-2023 23:12:37 : info --> "user1ll@gmail.com" Signed in through axios/1.3.5 by { req: { method: POST, url: /listify/signUp} } }
12-04-2023 23:12:37 : info --> "user9@gmail.com" Signed in through axios/1.3.5 by { req: { method: POST, url: /listify/signUp} } }
12-04-2023 23:12:37 : info --> "user9@gmail.com" Logged In through axios/1.3.5 by { req: { method: POST, url: /listify/login} } }
13-04-2023 14:20:16 : info --> "user9@gmail.com" Logged In through Thunder Client (https://www.thunderclient.com) by { req: { method: POST, url: /listify/login} } }
13-04-2023 15:12:56 : info --> "user1ll@gmail.com" Signed in through axios/1.3.5 by { req: { method: POST, url: /listify/signUp} } }
13-04-2023 15:12:56 : info --> "user9@gmail.com" Signed in through axios/1.3.5 by { req: { method: POST, url: /listify/signUp} } }
13-04-2023 15:13:00 : info --> "user1ll@gmail.com" Signed in through axios/1.3.5 by { req: { method: POST, url: /listify/signUp} } }
13-04-2023 15:13:00 : info --> "user9@gmail.com" Signed in through axios/1.3.5 by { req: { method: POST, url: /listify/signUp} } }
13-04-2023 15:13:00 : info --> "user9@gmail.com" Logged In through axios/1.3.5 by { req: { method: POST, url: /listify/login} } }
13-04-2023 15:13:03 : info --> "user1ll@gmail.com" Signed in through axios/1.3.5 by { req: { method: POST, url: /listify/signUp} } }
13-04-2023 15:13:03 : info --> "user9@gmail.com" Signed in through axios/1.3.5 by { req: { method: POST, url: /listify/signUp} } }
13-04-2023 15:13:03 : info --> "user9@gmail.com" Logged In through axios/1.3.5 by { req: { method: POST, url: /listify/login} } }
13-04-2023 15:13:23 : info --> "user1ll@gmail.com" Signed in through axios/1.3.5 by { req: { method: POST, url: /listify/signUp} } }
13-04-2023 15:13:23 : info --> "user9@gmail.com" Signed in through axios/1.3.5 by { req: { method: POST, url: /listify/signUp} } }
13-04-2023 15:13:23 : info --> "user9@gmail.com" Logged In through axios/1.3.5 by { req: { method: POST, url: /listify/login} } }
13-04-2023 15:14:21 : info --> "user9@gmail.com" Logged In through Thunder Client (https://www.thunderclient.com) by { req: { method: POST, url: /listify/login} } }
13-04-2023 15:14:45 : info --> "user1ll@gmail.com" Signed in through axios/1.3.5 by { req: { method: POST, url: /listify/signUp} } }
13-04-2023 15:14:45 : info --> "user9@gmail.com" Signed in through axios/1.3.5 by { req: { method: POST, url: /listify/signUp} } }
13-04-2023 15:15:58 : info --> "user1ll@gmail.com" Signed in through axios/1.3.5 by { req: { method: POST, url: /listify/signUp} } }
13-04-2023 15:15:58 : info --> "user9@gmail.com" Signed in through axios/1.3.5 by { req: { method: POST, url: /listify/signUp} } }
13-04-2023 15:15:58 : info --> "user9@gmail.com" Logged In through axios/1.3.5 by { req: { method: POST, url: /listify/login} } }
13-04-2023 15:16:13 : info --> "user9@gmail.com" Logged In through Thunder Client (https://www.thunderclient.com) by { req: { method: POST, url: /listify/login} } }
13-04-2023 15:16:34 : info --> "user1ll@gmail.com" Signed in through axios/1.3.5 by { req: { method: POST, url: /listify/signUp} } }
13-04-2023 15:16:34 : info --> "user9@gmail.com" Signed in through axios/1.3.5 by { req: { method: POST, url: /listify/signUp} } }
13-04-2023 15:16:34 : info --> "user9@gmail.com" Logged In through axios/1.3.5 by { req: { method: POST, url: /listify/login} } }
13-04-2023 15:17:04 : info --> "user1ll@gmail.com" Signed in through axios/1.3.5 by { req: { method: POST, url: /listify/signUp} } }
13-04-2023 15:17:04 : info --> "user9@gmail.com" Signed in through axios/1.3.5 by { req: { method: POST, url: /listify/signUp} } }
13-04-2023 15:17:10 : info --> "user9@gmail.com" Logged In through Thunder Client (https://www.thunderclient.com) by { req: { method: POST, url: /listify/login} } }
13-04-2023 15:17:26 : info --> "user1ll@gmail.com" Signed in through axios/1.3.5 by { req: { method: POST, url: /listify/signUp} } }
13-04-2023 15:17:26 : info --> "user9@gmail.com" Signed in through axios/1.3.5 by { req: { method: POST, url: /listify/signUp} } }
13-04-2023 15:17:26 : info --> "user9@gmail.com" Logged In through axios/1.3.5 by { req: { method: POST, url: /listify/login} } }
13-04-2023 15:19:45 : info --> "user1ll@gmail.com" Signed in through axios/1.3.5 by { req: { method: POST, url: /listify/signUp} } }
13-04-2023 15:19:45 : info --> "user9@gmail.com" Signed in through axios/1.3.5 by { req: { method: POST, url: /listify/signUp} } }
13-04-2023 15:19:46 : info --> "user9@gmail.com" Logged In through axios/1.3.5 by { req: { method: POST, url: /listify/login} } }
13-04-2023 15:20:42 : info --> "user1ll@gmail.com" Signed in through axios/1.3.5 by { req: { method: POST, url: /listify/signUp} } }
13-04-2023 15:20:42 : info --> "user9@gmail.com" Signed in through axios/1.3.5 by { req: { method: POST, url: /listify/signUp} } }
13-04-2023 15:20:55 : info --> "user1ll@gmail.com" Signed in through axios/1.3.5 by { req: { method: POST, url: /listify/signUp} } }
13-04-2023 15:20:55 : info --> "user9@gmail.com" Signed in through axios/1.3.5 by { req: { method: POST, url: /listify/signUp} } }
13-04-2023 15:20:55 : info --> "user9@gmail.com" Logged In through axios/1.3.5 by { req: { method: POST, url: /listify/login} } }
13-04-2023 15:21:49 : info --> "user1ll@gmail.com" Signed in through axios/1.3.5 by { req: { method: POST, url: /listify/signUp} } }
13-04-2023 15:22:17 : info --> "user142l@gmail.com" Signed in through axios/1.3.5 by { req: { method: POST, url: /listify/signUp} } }
13-04-2023 15:22:17 : info --> "user9@gmail.com" Signed in through axios/1.3.5 by { req: { method: POST, url: /listify/signUp} } }
13-04-2023 15:22:30 : info --> "user142l@gmail.com" Signed in through axios/1.3.5 by { req: { method: POST, url: /listify/signUp} } }
13-04-2023 15:22:30 : info --> "user9@gmail.com" Signed in through axios/1.3.5 by { req: { method: POST, url: /listify/signUp} } }
13-04-2023 15:22:47 : info --> "user142wqerql@gmail.com" Signed in through axios/1.3.5 by { req: { method: POST, url: /listify/signUp} } }
13-04-2023 15:22:47 : info --> "user9@gmail.com" Signed in through axios/1.3.5 by { req: { method: POST, url: /listify/signUp} } }
13-04-2023 15:22:47 : info --> "user9@gmail.com" Logged In through axios/1.3.5 by { req: { method: POST, url: /listify/login} } }
13-04-2023 15:23:33 : info --> "user142wqerql@gmail.com" Signed in through axios/1.3.5 by { req: { method: POST, url: /listify/signUp} } }
13-04-2023 15:23:34 : info --> "user9@gmail.com" Signed in through axios/1.3.5 by { req: { method: POST, url: /listify/signUp} } }
13-04-2023 15:23:38 : info --> "user142wqerql@gmail.com" Signed in through axios/1.3.5 by { req: { method: POST, url: /listify/signUp} } }
13-04-2023 15:23:38 : info --> "user9@gmail.com" Signed in through axios/1.3.5 by { req: { method: POST, url: /listify/signUp} } }
13-04-2023 15:23:45 : info --> "user142wqerql@gmail.com" Signed in through axios/1.3.5 by { req: { method: POST, url: /listify/signUp} } }
13-04-2023 15:23:45 : info --> "user9@gmail.com" Signed in through axios/1.3.5 by { req: { method: POST, url: /listify/signUp} } }
13-04-2023 15:23:45 : info --> "user9@gmail.com" Logged In through axios/1.3.5 by { req: { method: POST, url: /listify/login} } }
13-04-2023 15:24:27 : info --> "user142wqerql@gmail.com" Signed in through axios/1.3.5 by { req: { method: POST, url: /listify/signUp} } }
13-04-2023 15:24:27 : info --> "user9@gmail.com" Signed in through axios/1.3.5 by { req: { method: POST, url: /listify/signUp} } }
13-04-2023 15:24:40 : info --> "user142wqerql@gmail.com" Signed in through axios/1.3.5 by { req: { method: POST, url: /listify/signUp} } }
13-04-2023 15:24:40 : info --> "user9@gmail.com" Signed in through axios/1.3.5 by { req: { method: POST, url: /listify/signUp} } }
13-04-2023 15:24:40 : info --> "user9@gmail.com" Logged In through axios/1.3.5 by { req: { method: POST, url: /listify/login} } }
13-04-2023 15:24:45 : info --> "user142wqerql@gmail.com" Signed in through axios/1.3.5 by { req: { method: POST, url: /listify/signUp} } }
13-04-2023 15:24:45 : info --> "user9@gmail.com" Signed in through axios/1.3.5 by { req: { method: POST, url: /listify/signUp} } }
13-04-2023 15:24:45 : info --> "user9@gmail.com" Logged In through axios/1.3.5 by { req: { method: POST, url: /listify/login} } }
13-04-2023 15:24:48 : info --> "user142wqerql@gmail.com" Signed in through axios/1.3.5 by { req: { method: POST, url: /listify/signUp} } }
13-04-2023 15:24:48 : info --> "user9@gmail.com" Signed in through axios/1.3.5 by { req: { method: POST, url: /listify/signUp} } }
13-04-2023 15:24:48 : info --> "user9@gmail.com" Logged In through axios/1.3.5 by { req: { method: POST, url: /listify/login} } }
13-04-2023 15:25:04 : info --> "user142wqerql@gmail.com" Signed in through axios/1.3.5 by { req: { method: POST, url: /listify/signUp} } }
13-04-2023 15:25:04 : info --> "user9@gmail.com" Signed in through axios/1.3.5 by { req: { method: POST, url: /listify/signUp} } }
13-04-2023 15:25:11 : info --> "user142wqerql@gmail.com" Signed in through axios/1.3.5 by { req: { method: POST, url: /listify/signUp} } }
13-04-2023 15:25:11 : info --> "user9@gmail.com" Signed in through axios/1.3.5 by { req: { method: POST, url: /listify/signUp} } }
13-04-2023 16:35:29 : info --> "user9@gmail.com" Logged In through Thunder Client (https://www.thunderclient.com) by { req: { method: POST, url: /listify/login} } }
