06-04-2023 10:50:36 : info --> Thunder Client (https://www.thunderclient.com) requested to list all buddies { req: { method: GET, url: /buddy/} } }
06-04-2023 10:50:36 : info --> Thunder Client (https://www.thunderclient.com) requested to list all buddies { req: { method: GET, url: /buddy/} } }
06-04-2023 10:50:37 : info --> Thunder Client (https://www.thunderclient.com) requested to list all buddies { req: { method: GET, url: /buddy/} } }
06-04-2023 10:50:37 : info --> Thunder Client (https://www.thunderclient.com) requested to list all buddies { req: { method: GET, url: /buddy/} } }
06-04-2023 10:50:58 : info -->  Thunder Client (https://www.thunderclient.com) requested to create Buddy { req: { method: POST, url: /buddy/} } }
06-04-2023 10:51:02 : info -->  Thunder Client (https://www.thunderclient.com) requested to create Buddy { req: { method: POST, url: /buddy/} } }
06-04-2023 10:51:04 : info -->  Thunder Client (https://www.thunderclient.com) requested to create Buddy { req: { method: POST, url: /buddy/} } }
06-04-2023 14:13:12 : info -->  Thunder Client (https://www.thunderclient.com) requested to create Buddy { req: { method: POST, url: /buddy/} } }
06-04-2023 14:13:40 : info --> /buddy Thunder Client (https://www.thunderclient.com) requested to delete Buddy 5 { req: { method: DELETE, url: /buddy/5} } }
06-04-2023 14:15:51 : info --> /buddy Thunder Client (https://www.thunderclient.com) requested to delete Buddy 5 { req: { method: DELETE, url: /buddy/5} } }
06-04-2023 17:35:03 : info --> Thunder Client (https://www.thunderclient.com) requested to list all buddies { req: { method: GET, url: /buddy/} } }
06-04-2023 17:37:42 : info --> Thunder Client (https://www.thunderclient.com) requested to list all buddies { req: { method: GET, url: /buddy/} } }
06-04-2023 17:38:44 : info --> Thunder Client (https://www.thunderclient.com) requested to list all buddies { req: { method: GET, url: /buddy/} } }
06-04-2023 17:39:38 : info --> Thunder Client (https://www.thunderclient.com) requested to list all buddies { req: { method: GET, url: /buddy/} } }
06-04-2023 17:40:51 : info --> Thunder Client (https://www.thunderclient.com) requested to list all buddies { req: { method: GET, url: /buddy/} } }
06-04-2023 17:41:40 : info --> Thunder Client (https://www.thunderclient.com) requested to list all buddies { req: { method: GET, url: /buddy/} } }
06-04-2023 17:42:56 : info --> Thunder Client (https://www.thunderclient.com) requested to list all buddies { req: { method: GET, url: /buddy/} } }
06-04-2023 17:42:58 : info --> Thunder Client (https://www.thunderclient.com) requested to Buddy 3 { req: { method: GET, url: /buddy/3 } }
06-04-2023 17:45:24 : info --> Thunder Client (https://www.thunderclient.com) requested to Buddy 3 { req: { method: GET, url: /buddy/3 } }
06-04-2023 17:45:27 : info --> Thunder Client (https://www.thunderclient.com) requested to Buddy 1 { req: { method: GET, url: /buddy/1 } }
06-04-2023 17:53:00 : info -->  Thunder Client (https://www.thunderclient.com) requested to create Buddy { req: { method: POST, url: /buddy/} } }
06-04-2023 17:55:15 : info -->  Thunder Client (https://www.thunderclient.com) requested to create Buddy { req: { method: POST, url: /buddy/} } }
06-04-2023 17:55:29 : info --> Thunder Client (https://www.thunderclient.com) requested to list all buddies { req: { method: GET, url: /buddy/} } }
06-04-2023 17:58:05 : info --> Thunder Client (https://www.thunderclient.com) requested to list all buddies { req: { method: GET, url: /buddy/} } }
06-04-2023 17:58:18 : info --> Thunder Client (https://www.thunderclient.com) requested to Buddy 23 { req: { method: GET, url: /buddy/23 } }
06-04-2023 17:58:20 : info --> Thunder Client (https://www.thunderclient.com) requested to Buddy 2 { req: { method: GET, url: /buddy/2 } }
06-04-2023 17:59:26 : info -->  Thunder Client (https://www.thunderclient.com) requested to create Buddy { req: { method: POST, url: /buddy/} } }
06-04-2023 17:59:29 : info -->  Thunder Client (https://www.thunderclient.com) requested to create Buddy { req: { method: POST, url: /buddy/} } }
06-04-2023 18:03:29 : info -->  Thunder Client (https://www.thunderclient.com) requested to create Buddy { req: { method: POST, url: /buddy/} } }
06-04-2023 18:03:30 : info -->  Thunder Client (https://www.thunderclient.com) requested to create Buddy { req: { method: POST, url: /buddy/} } }
06-04-2023 18:29:24 : info --> Thunder Client (https://www.thunderclient.com) requested to modify Buddy 30 { req: { method: PUT, url: /buddy/30} } }
06-04-2023 18:29:37 : info --> Thunder Client (https://www.thunderclient.com) requested to modify Buddy 13 { req: { method: PUT, url: /buddy/13} } }
06-04-2023 18:31:36 : info --> Thunder Client (https://www.thunderclient.com) requested to modify Buddy 130 { req: { method: PUT, url: /buddy/130} } }
06-04-2023 18:31:40 : info --> Thunder Client (https://www.thunderclient.com) requested to modify Buddy 13 { req: { method: PUT, url: /buddy/13} } }
06-04-2023 18:40:57 : info --> Thunder Client (https://www.thunderclient.com) requested to modify Buddy 13 { req: { method: PUT, url: /buddy/13} } }
06-04-2023 18:43:14 : info --> Thunder Client (https://www.thunderclient.com) requested to modify Buddy 13 { req: { method: PUT, url: /buddy/13} } }
06-04-2023 18:44:59 : info --> Thunder Client (https://www.thunderclient.com) requested to modify Buddy 13 { req: { method: PUT, url: /buddy/13} } }
06-04-2023 18:46:23 : info --> Thunder Client (https://www.thunderclient.com) requested to modify Buddy 13 { req: { method: PUT, url: /buddy/13} } }
06-04-2023 18:48:33 : info --> Thunder Client (https://www.thunderclient.com) requested to modify Buddy 13 { req: { method: PUT, url: /buddy/13} } }
06-04-2023 18:55:39 : info --> Thunder Client (https://www.thunderclient.com) requested to modify Buddy 13 { req: { method: PUT, url: /buddy/13} } }
06-04-2023 18:58:04 : info --> Thunder Client (https://www.thunderclient.com) requested to modify Buddy 13 { req: { method: PUT, url: /buddy/13} } }
06-04-2023 18:58:48 : info --> Thunder Client (https://www.thunderclient.com) requested to modify Buddy 13 { req: { method: PUT, url: /buddy/13} } }
06-04-2023 18:59:24 : info --> Thunder Client (https://www.thunderclient.com) requested to modify Buddy 13 { req: { method: PUT, url: /buddy/13} } }
06-04-2023 19:01:13 : info --> Thunder Client (https://www.thunderclient.com) requested to modify Buddy 13 { req: { method: PUT, url: /buddy/13} } }
06-04-2023 19:02:54 : info --> Thunder Client (https://www.thunderclient.com) requested to modify Buddy 13 { req: { method: PUT, url: /buddy/13} } }
06-04-2023 19:08:45 : info --> Thunder Client (https://www.thunderclient.com) requested to modify Buddy 13 { req: { method: PUT, url: /buddy/13} } }
06-04-2023 19:12:17 : info --> Thunder Client (https://www.thunderclient.com) requested to modify Buddy 13 { req: { method: PUT, url: /buddy/13} } }
06-04-2023 19:13:18 : info --> Thunder Client (https://www.thunderclient.com) requested to modify Buddy 13 { req: { method: PUT, url: /buddy/13} } }
06-04-2023 19:13:38 : info --> Thunder Client (https://www.thunderclient.com) requested to modify Buddy 13 { req: { method: PUT, url: /buddy/13} } }
06-04-2023 19:14:27 : info --> Thunder Client (https://www.thunderclient.com) requested to modify Buddy 13 { req: { method: PUT, url: /buddy/13} } }
06-04-2023 19:15:04 : info --> Thunder Client (https://www.thunderclient.com) requested to modify Buddy 13 { req: { method: PUT, url: /buddy/13} } }
06-04-2023 19:15:18 : info --> Thunder Client (https://www.thunderclient.com) requested to modify Buddy 13 { req: { method: PUT, url: /buddy/13} } }
06-04-2023 19:15:56 : info --> Thunder Client (https://www.thunderclient.com) requested to modify Buddy 13 { req: { method: PUT, url: /buddy/13} } }
06-04-2023 19:16:32 : info --> Thunder Client (https://www.thunderclient.com) requested to modify Buddy 13 { req: { method: PUT, url: /buddy/13} } }
06-04-2023 19:17:58 : info --> Thunder Client (https://www.thunderclient.com) requested to modify Buddy 13 { req: { method: PUT, url: /buddy/13} } }
06-04-2023 19:18:11 : info --> Thunder Client (https://www.thunderclient.com) requested to modify Buddy 13 { req: { method: PUT, url: /buddy/13} } }
06-04-2023 19:19:19 : info --> Thunder Client (https://www.thunderclient.com) requested to modify Buddy 13 { req: { method: PUT, url: /buddy/13} } }
06-04-2023 19:20:07 : info --> Thunder Client (https://www.thunderclient.com) requested to modify Buddy 13 { req: { method: PUT, url: /buddy/13} } }
06-04-2023 19:20:42 : info --> Thunder Client (https://www.thunderclient.com) requested to modify Buddy 13 { req: { method: PUT, url: /buddy/13} } }
06-04-2023 19:21:25 : info --> Thunder Client (https://www.thunderclient.com) requested to modify Buddy 13 { req: { method: PUT, url: /buddy/13} } }
06-04-2023 19:21:51 : info --> Thunder Client (https://www.thunderclient.com) requested to modify Buddy 13 { req: { method: PUT, url: /buddy/13} } }
06-04-2023 19:22:36 : info --> Thunder Client (https://www.thunderclient.com) requested to modify Buddy 13 { req: { method: PUT, url: /buddy/13} } }
06-04-2023 19:22:53 : info --> Thunder Client (https://www.thunderclient.com) requested to modify Buddy 13 { req: { method: PUT, url: /buddy/13} } }
06-04-2023 19:23:46 : info --> Thunder Client (https://www.thunderclient.com) requested to modify Buddy 13 { req: { method: PUT, url: /buddy/13} } }
06-04-2023 19:26:32 : info --> Thunder Client (https://www.thunderclient.com) requested to modify Buddy 13 { req: { method: PUT, url: /buddy/13} } }
06-04-2023 19:27:13 : info --> Thunder Client (https://www.thunderclient.com) requested to modify Buddy 13 { req: { method: PUT, url: /buddy/13} } }
06-04-2023 19:27:37 : info --> Thunder Client (https://www.thunderclient.com) requested to modify Buddy 13 { req: { method: PUT, url: /buddy/13} } }
06-04-2023 19:30:02 : info --> Thunder Client (https://www.thunderclient.com) requested to modify Buddy 13 { req: { method: PUT, url: /buddy/13} } }
06-04-2023 19:30:35 : info --> Thunder Client (https://www.thunderclient.com) requested to modify Buddy 13 { req: { method: PUT, url: /buddy/13} } }
06-04-2023 19:31:04 : info --> Thunder Client (https://www.thunderclient.com) requested to modify Buddy 13 { req: { method: PUT, url: /buddy/13} } }
06-04-2023 19:32:10 : info --> Thunder Client (https://www.thunderclient.com) requested to modify Buddy 13 { req: { method: PUT, url: /buddy/13} } }
06-04-2023 19:32:23 : info --> Thunder Client (https://www.thunderclient.com) requested to modify Buddy 13 { req: { method: PUT, url: /buddy/13} } }
06-04-2023 19:32:32 : info --> Thunder Client (https://www.thunderclient.com) requested to modify Buddy 13 { req: { method: PUT, url: /buddy/13} } }
06-04-2023 19:32:49 : info --> Thunder Client (https://www.thunderclient.com) requested to modify Buddy 13 { req: { method: PUT, url: /buddy/13} } }
06-04-2023 19:33:00 : info --> Thunder Client (https://www.thunderclient.com) requested to modify Buddy 13 { req: { method: PUT, url: /buddy/13} } }
06-04-2023 19:33:11 : info --> Thunder Client (https://www.thunderclient.com) requested to modify Buddy 13 { req: { method: PUT, url: /buddy/13} } }
06-04-2023 19:33:27 : info --> Thunder Client (https://www.thunderclient.com) requested to modify Buddy 13 { req: { method: PUT, url: /buddy/13} } }
06-04-2023 19:33:41 : info --> Thunder Client (https://www.thunderclient.com) requested to modify Buddy 13 { req: { method: PUT, url: /buddy/13} } }
06-04-2023 19:34:07 : info --> Thunder Client (https://www.thunderclient.com) requested to modify Buddy 13 { req: { method: PUT, url: /buddy/13} } }
06-04-2023 19:34:21 : info --> Thunder Client (https://www.thunderclient.com) requested to modify Buddy 13 { req: { method: PUT, url: /buddy/13} } }
06-04-2023 19:35:09 : info --> Thunder Client (https://www.thunderclient.com) requested to modify Buddy 13 { req: { method: PUT, url: /buddy/13} } }
06-04-2023 19:35:49 : info --> Thunder Client (https://www.thunderclient.com) requested to modify Buddy 13 { req: { method: PUT, url: /buddy/13} } }
06-04-2023 19:37:39 : info --> Thunder Client (https://www.thunderclient.com) requested to modify Buddy 13 { req: { method: PUT, url: /buddy/13} } }
06-04-2023 19:38:14 : info --> Thunder Client (https://www.thunderclient.com) requested to modify Buddy 13 { req: { method: PUT, url: /buddy/13} } }
06-04-2023 19:39:43 : info --> Thunder Client (https://www.thunderclient.com) requested to modify Buddy 13 { req: { method: PUT, url: /buddy/13} } }
06-04-2023 19:40:47 : info --> Thunder Client (https://www.thunderclient.com) requested to modify Buddy 13 { req: { method: PUT, url: /buddy/13} } }
06-04-2023 19:46:58 : info --> Thunder Client (https://www.thunderclient.com) requested to modify Buddy 13 { req: { method: PUT, url: /buddy/13} } }
06-04-2023 19:47:19 : info --> Thunder Client (https://www.thunderclient.com) requested to modify Buddy 13 { req: { method: PUT, url: /buddy/13} } }
06-04-2023 19:50:52 : info --> Thunder Client (https://www.thunderclient.com) requested to modify Buddy 13 { req: { method: PUT, url: /buddy/13} } }
06-04-2023 19:52:11 : info --> Thunder Client (https://www.thunderclient.com) requested to modify Buddy 13 { req: { method: PUT, url: /buddy/13} } }
06-04-2023 19:55:35 : info --> Thunder Client (https://www.thunderclient.com) requested to modify Buddy 13 { req: { method: PUT, url: /buddy/13} } }
06-04-2023 22:59:28 : info --> Thunder Client (https://www.thunderclient.com) requested to modify Buddy 13 { req: { method: PUT, url: /buddy/13} } }
06-04-2023 23:04:09 : info --> Thunder Client (https://www.thunderclient.com) requested to modify Buddy 13 { req: { method: PUT, url: /buddy/13} } }
06-04-2023 23:05:49 : info --> Thunder Client (https://www.thunderclient.com) requested to modify Buddy 13 { req: { method: PUT, url: /buddy/13} } }
06-04-2023 23:06:14 : info --> Thunder Client (https://www.thunderclient.com) requested to modify Buddy 130 { req: { method: PUT, url: /buddy/130} } }
06-04-2023 23:06:33 : info --> Thunder Client (https://www.thunderclient.com) requested to modify Buddy 13 { req: { method: PUT, url: /buddy/13} } }
06-04-2023 23:07:17 : info --> Thunder Client (https://www.thunderclient.com) requested to modify Buddy 13 { req: { method: PUT, url: /buddy/13} } }
06-04-2023 23:08:42 : info --> Thunder Client (https://www.thunderclient.com) requested to modify Buddy 13 { req: { method: PUT, url: /buddy/13} } }
06-04-2023 23:09:20 : info --> Thunder Client (https://www.thunderclient.com) requested to modify Buddy 13 { req: { method: PUT, url: /buddy/13} } }
06-04-2023 23:10:03 : info --> Thunder Client (https://www.thunderclient.com) requested to modify Buddy 13 { req: { method: PUT, url: /buddy/13} } }
06-04-2023 23:10:31 : info --> Thunder Client (https://www.thunderclient.com) requested to modify Buddy 130 { req: { method: PUT, url: /buddy/130} } }
06-04-2023 23:11:24 : info --> Thunder Client (https://www.thunderclient.com) requested to modify Buddy 130 { req: { method: PUT, url: /buddy/130} } }
06-04-2023 23:13:30 : info --> Thunder Client (https://www.thunderclient.com) requested to modify Buddy 13 { req: { method: PUT, url: /buddy/13} } }
06-04-2023 23:15:37 : info --> Thunder Client (https://www.thunderclient.com) requested to modify Buddy 13 { req: { method: PUT, url: /buddy/13} } }
06-04-2023 23:16:33 : info --> Thunder Client (https://www.thunderclient.com) requested to modify Buddy 13 { req: { method: PUT, url: /buddy/13} } }
06-04-2023 23:29:36 : info --> Thunder Client (https://www.thunderclient.com) requested to modify Buddy 13 { req: { method: PUT, url: /buddy/13} } }
06-04-2023 23:31:28 : info --> Thunder Client (https://www.thunderclient.com) requested to modify Buddy 13 { req: { method: PUT, url: /buddy/13} } }
06-04-2023 23:31:54 : info --> Thunder Client (https://www.thunderclient.com) requested to modify Buddy 13 { req: { method: PUT, url: /buddy/13} } }
06-04-2023 23:33:55 : info --> Thunder Client (https://www.thunderclient.com) requested to modify Buddy 13 { req: { method: PUT, url: /buddy/13} } }
06-04-2023 23:37:19 : info --> Thunder Client (https://www.thunderclient.com) requested to modify Buddy 13 { req: { method: PUT, url: /buddy/13} } }
06-04-2023 23:52:34 : info --> Thunder Client (https://www.thunderclient.com) requested to modify Buddy 13 { req: { method: PUT, url: /buddy/13} } }
06-04-2023 23:53:15 : info --> Thunder Client (https://www.thunderclient.com) requested to Buddy 13 { req: { method: GET, url: /buddy/13 } }
06-04-2023 23:54:57 : info --> Thunder Client (https://www.thunderclient.com) requested to list all buddies { req: { method: GET, url: /buddy/} } }
06-04-2023 23:56:00 : info --> Thunder Client (https://www.thunderclient.com) requested to list all buddies { req: { method: GET, url: /buddy/} } }
06-04-2023 23:56:31 : info --> Thunder Client (https://www.thunderclient.com) requested to Buddy 1 { req: { method: GET, url: /buddy/1 } }
06-04-2023 23:56:47 : info --> Thunder Client (https://www.thunderclient.com) requested to Buddy 1 { req: { method: GET, url: /buddy/1 } }
06-04-2023 23:57:02 : info --> Thunder Client (https://www.thunderclient.com) requested to list all buddies { req: { method: GET, url: /buddy/} } }
06-04-2023 23:57:21 : info --> Thunder Client (https://www.thunderclient.com) requested to list all buddies { req: { method: GET, url: /buddy/} } }
06-04-2023 23:57:36 : info --> Thunder Client (https://www.thunderclient.com) requested to list all buddies { req: { method: GET, url: /buddy/} } }
06-04-2023 23:58:17 : info --> Thunder Client (https://www.thunderclient.com) requested to list all buddies { req: { method: GET, url: /buddy/} } }
06-04-2023 23:59:12 : info --> Thunder Client (https://www.thunderclient.com) requested to list all buddies { req: { method: GET, url: /buddy/} } }
07-04-2023 00:00:32 : info --> Thunder Client (https://www.thunderclient.com) requested to list all buddies { req: { method: GET, url: /buddy/} } }
07-04-2023 00:00:33 : info --> Thunder Client (https://www.thunderclient.com) requested to list all buddies { req: { method: GET, url: /buddy/} } }
07-04-2023 00:00:37 : info --> Thunder Client (https://www.thunderclient.com) requested to Buddy 8 { req: { method: GET, url: /buddy/8 } }
07-04-2023 00:02:18 : info --> Thunder Client (https://www.thunderclient.com) requested to Buddy 8 { req: { method: GET, url: /buddy/8 } }
07-04-2023 00:02:30 : info --> Thunder Client (https://www.thunderclient.com) requested to list all buddies { req: { method: GET, url: /buddy/} } }
07-04-2023 00:02:35 : info --> Thunder Client (https://www.thunderclient.com) requested to Buddy 13 { req: { method: GET, url: /buddy/13 } }
07-04-2023 00:02:39 : info --> Thunder Client (https://www.thunderclient.com) requested to Buddy 130 { req: { method: GET, url: /buddy/130 } }
07-04-2023 00:04:35 : info --> Thunder Client (https://www.thunderclient.com) requested to Buddy 130 { req: { method: GET, url: /buddy/130 } }
07-04-2023 00:06:21 : info --> Thunder Client (https://www.thunderclient.com) requested to Buddy 130 { req: { method: GET, url: /buddy/130 } }
07-04-2023 00:07:37 : info --> Thunder Client (https://www.thunderclient.com) requested to Buddy 130 { req: { method: GET, url: /buddy/130 } }
07-04-2023 00:07:59 : info --> Thunder Client (https://www.thunderclient.com) requested to Buddy 130 { req: { method: GET, url: /buddy/130 } }
07-04-2023 00:09:21 : info --> Thunder Client (https://www.thunderclient.com) requested to Buddy 130 { req: { method: GET, url: /buddy/130 } }
07-04-2023 00:09:22 : info --> Thunder Client (https://www.thunderclient.com) requested to Buddy 130 { req: { method: GET, url: /buddy/130 } }
07-04-2023 00:09:39 : info --> Thunder Client (https://www.thunderclient.com) requested to Buddy 130 { req: { method: GET, url: /buddy/130 } }
07-04-2023 00:09:43 : info --> Thunder Client (https://www.thunderclient.com) requested to Buddy 13 { req: { method: GET, url: /buddy/13 } }
07-04-2023 00:11:31 : info --> Thunder Client (https://www.thunderclient.com) requested to Buddy 13 { req: { method: GET, url: /buddy/13 } }
07-04-2023 00:12:27 : info --> Thunder Client (https://www.thunderclient.com) requested to Buddy 130 { req: { method: GET, url: /buddy/130 } }
07-04-2023 00:12:40 : info --> Thunder Client (https://www.thunderclient.com) requested to Buddy 13 { req: { method: GET, url: /buddy/13 } }
07-04-2023 00:14:59 : info --> Thunder Client (https://www.thunderclient.com) requested to Buddy 130 { req: { method: GET, url: /buddy/130 } }
07-04-2023 00:15:03 : info --> Thunder Client (https://www.thunderclient.com) requested to Buddy 13 { req: { method: GET, url: /buddy/13 } }
07-04-2023 00:15:21 : info --> Thunder Client (https://www.thunderclient.com) requested to Buddy 1 { req: { method: GET, url: /buddy/1 } }
07-04-2023 00:15:23 : info --> Thunder Client (https://www.thunderclient.com) requested to Buddy 10 { req: { method: GET, url: /buddy/10 } }
07-04-2023 00:15:25 : info --> Thunder Client (https://www.thunderclient.com) requested to Buddy 100 { req: { method: GET, url: /buddy/100 } }
07-04-2023 00:15:36 : info -->  Thunder Client (https://www.thunderclient.com) requested to create Buddy { req: { method: POST, url: /buddy/} } }
07-04-2023 00:16:14 : info -->  Thunder Client (https://www.thunderclient.com) requested to create Buddy { req: { method: POST, url: /buddy/} } }
07-04-2023 00:20:28 : info -->  Thunder Client (https://www.thunderclient.com) requested to create Buddy { req: { method: POST, url: /buddy/} } }
07-04-2023 00:20:29 : info -->  Thunder Client (https://www.thunderclient.com) requested to create Buddy { req: { method: POST, url: /buddy/} } }
07-04-2023 00:20:37 : info -->  Thunder Client (https://www.thunderclient.com) requested to create Buddy { req: { method: POST, url: /buddy/} } }
07-04-2023 00:28:11 : info --> Thunder Client (https://www.thunderclient.com) requested to modify Buddy 14 { req: { method: PUT, url: /buddy/14} } }
07-04-2023 00:28:13 : info --> Thunder Client (https://www.thunderclient.com) requested to modify Buddy 14 { req: { method: PUT, url: /buddy/14} } }
07-04-2023 00:28:14 : info --> Thunder Client (https://www.thunderclient.com) requested to modify Buddy 14 { req: { method: PUT, url: /buddy/14} } }
07-04-2023 00:28:17 : info --> Thunder Client (https://www.thunderclient.com) requested to modify Buddy 140 { req: { method: PUT, url: /buddy/140} } }
07-04-2023 00:28:18 : info --> Thunder Client (https://www.thunderclient.com) requested to modify Buddy 140 { req: { method: PUT, url: /buddy/140} } }
07-04-2023 00:29:52 : info --> /buddy Thunder Client (https://www.thunderclient.com) requested to delete Buddy 140 { req: { method: DELETE, url: /buddy/140} } }
07-04-2023 00:29:53 : info --> /buddy Thunder Client (https://www.thunderclient.com) requested to delete Buddy 140 { req: { method: DELETE, url: /buddy/140} } }
07-04-2023 00:29:56 : info --> /buddy Thunder Client (https://www.thunderclient.com) requested to delete Buddy 14 { req: { method: DELETE, url: /buddy/14} } }
07-04-2023 00:29:58 : info --> /buddy Thunder Client (https://www.thunderclient.com) requested to delete Buddy 14 { req: { method: DELETE, url: /buddy/14} } }
07-04-2023 00:30:14 : info --> Thunder Client (https://www.thunderclient.com) requested to Buddy 14 { req: { method: GET, url: /buddy/14 } }
