10-04-2023 08:20:23 : info -->  Thunder Client (https://www.thunderclient.com) requested a signUp { req: { method: POST, url: /listify/signUp} } }
10-04-2023 08:22:04 : info -->  Thunder Client (https://www.thunderclient.com) requested a signUp { req: { method: POST, url: /listify/signUp} } }
10-04-2023 08:22:21 : info -->  Thunder Client (https://www.thunderclient.com) requested a signUp { req: { method: POST, url: /listify/signUp} } }
10-04-2023 08:22:51 : info -->  "user4@gmail.com" Logged In through Thunder Client (https://www.thunderclient.com) by { req: { method: POST, url: /listify/login} } }
10-04-2023 09:02:00 : info -->  "user4@gmail.com" Logged In through Thunder Client (https://www.thunderclient.com) by { req: { method: POST, url: /listify/login} } }
10-04-2023 10:03:59 : info -->  "user4@gmail.com" Logged In through Thunder Client (https://www.thunderclient.com) by { req: { method: POST, url: /listify/login} } }
10-04-2023 11:47:00 : info -->  Thunder Client (https://www.thunderclient.com) requested a signUp { req: { method: POST, url: /listify/signUp} } }
10-04-2023 11:50:43 : info -->  Thunder Client (https://www.thunderclient.com) requested a signUp { req: { method: POST, url: /listify/signUp} } }
10-04-2023 11:51:33 : info -->  Thunder Client (https://www.thunderclient.com) requested a signUp { req: { method: POST, url: /listify/signUp} } }
10-04-2023 12:29:03 : info --> "user4@gmail.com" Logged In through Thunder Client (https://www.thunderclient.com) by { req: { method POST, url: /listify/signUp} } }
10-04-2023 16:25:40 : info --> "user6@gmail.com" Signed up through Thunder Client (https://www.thunderclient.com) by { req: { method: POST, url: /listify/signUp} } }
10-04-2023 16:26:54 : info --> "user6@gmail.com" Signed up through Thunder Client (https://www.thunderclient.com) by { req: { method: POST, url: /listify/signUp} } }
10-04-2023 17:07:05 : info --> "user111@gmail.com" Signed in through axios/1.3.5 by { req: { method: POST, url: /listify/signUp} } }
10-04-2023 17:08:08 : info --> "user6@gmail.com" Signed in through Thunder Client (https://www.thunderclient.com) by { req: { method: POST, url: /listify/signUp} } }
10-04-2023 17:08:14 : info --> "user111@gmail.com" Signed in through Thunder Client (https://www.thunderclient.com) by { req: { method: POST, url: /listify/signUp} } }
10-04-2023 17:09:11 : info --> "user1101@gmail.com" Signed in through axios/1.3.5 by { req: { method: POST, url: /listify/signUp} } }
10-04-2023 17:11:25 : info --> "user1101@gmail.com" Signed in through axios/1.3.5 by { req: { method: POST, url: /listify/signUp} } }
10-04-2023 17:11:53 : info --> "user1101@gmail.com" Signed in through axios/1.3.5 by { req: { method: POST, url: /listify/signUp} } }
10-04-2023 17:12:07 : info --> "user1101@gmail.com" Signed in through Thunder Client (https://www.thunderclient.com) by { req: { method: POST, url: /listify/signUp} } }
10-04-2023 17:13:52 : info --> "user11001@gmail.com" Signed in through axios/1.3.5 by { req: { method: POST, url: /listify/signUp } }
11-04-2023 23:28:49 : info --> "user9@gmail.com" Signed in through axios/1.3.5 by { req: { method: POST, url: /listify/signUp} } }
11-04-2023 23:54:58 : info --> "user9@gmail.com" Logged In through axios/1.3.5 by { req: { method: POST, url: /listify/login} } }
11-04-2023 23:55:31 : info --> "user9@gmail.com" Logged In through axios/1.3.5 by { req: { method: POST, url: /listify/login} } }
11-04-2023 23:59:10 : info --> "user9@gmail.com" Logged In through Thunder Client (https://www.thunderclient.com) by { req: { method: POST, url: /listify/login} } }
12-04-2023 00:33:58 : info --> "user9@gmail.com" Logged In through Thunder Client (https://www.thunderclient.com) by { req: { method: POST, url: /listify/login} } }
12-04-2023 14:31:34 : info --> "user1ll@gmail.com" Signed in through axios/1.3.5 by { req: { method: POST, url: /listify/signUp} } }
12-04-2023 14:31:34 : info --> "user9@gmail.com" Signed in through axios/1.3.5 by { req: { method: POST, url: /listify/signUp} } }
12-04-2023 14:32:52 : info --> "user9@gmail.com" Logged In through Thunder Client (https://www.thunderclient.com) by { req: { method: POST, url: /listify/login} } }
12-04-2023 14:34:19 : info --> "user1ll@gmail.com" Signed in through axios/1.3.5 by { req: { method: POST, url: /listify/signUp} } }
12-04-2023 14:34:19 : info --> "user9@gmail.com" Signed in through axios/1.3.5 by { req: { method: POST, url: /listify/signUp} } }
12-04-2023 19:08:42 : info --> "user9@gmail.com" Logged In through Thunder Client (https://www.thunderclient.com) by { req: { method: POST, url: /listify/login} } }
12-04-2023 19:09:38 : info --> "user1ll@gmail.com" Signed in through axios/1.3.5 by { req: { method: POST, url: /listify/signUp} } }
12-04-2023 19:09:38 : info --> "user9@gmail.com" Signed in through axios/1.3.5 by { req: { method: POST, url: /listify/signUp} } }
12-04-2023 19:09:38 : info --> "user9@gmail.com" Logged In through axios/1.3.5 by { req: { method: POST, url: /listify/login} } }
12-04-2023 19:10:38 : info --> "user9@gmail.com" Logged In through axios/1.3.5 by { req: { method: POST, url: /listify/login} } }
12-04-2023 22:52:24 : info --> "user9@gmail.com" Logged In through Thunder Client (https://www.thunderclient.com) by { req: { method: POST, url: /listify/login} } }
12-04-2023 22:52:46 : info --> "user1ll@gmail.com" Signed in through axios/1.3.5 by { req: { method: POST, url: /listify/signUp} } }
12-04-2023 22:53:22 : info --> "user9@gmail.com" Logged In through axios/1.3.5 by { req: { method: POST, url: /listify/login} } }
13-04-2023 14:20:16 : info --> "user9@gmail.com" Logged In through Thunder Client (https://www.thunderclient.com) by { req: { method: POST, url: /listify/login} } }
13-04-2023 15:12:56 : info --> "user1ll@gmail.com" Signed in through axios/1.3.5 by { req: { method: POST, url: /listify/signUp} } }
13-04-2023 15:12:56 : info --> "user9@gmail.com" Signed in through axios/1.3.5 by { req: { method: POST, url: /listify/signUp} } }
13-04-2023 15:13:00 : info --> "user1ll@gmail.com" Signed in through axios/1.3.5 by { req: { method: POST, url: /listify/signUp} } }
13-04-2023 15:13:00 : info --> "user9@gmail.com" Signed in through axios/1.3.5 by { req: { method: POST, url: /listify/signUp} } }
13-04-2023 15:13:00 : info --> "user9@gmail.com" Logged In through axios/1.3.5 by { req: { method: POST, url: /listify/login} } }
13-04-2023 15:13:03 : info --> "user1ll@gmail.com" Signed in through axios/1.3.5 by { req: { method: POST, url: /listify/signUp} } }
13-04-2023 15:13:03 : info --> "user9@gmail.com" Signed in through axios/1.3.5 by { req: { method: POST, url: /listify/signUp} } }
13-04-2023 15:13:03 : info --> "user9@gmail.com" Logged In through axios/1.3.5 by { req: { method: POST, url: /listify/login} } }
13-04-2023 15:13:23 : info --> "user1ll@gmail.com" Signed in through axios/1.3.5 by { req: { method: POST, url: /listify/signUp} } }
13-04-2023 15:13:23 : info --> "user9@gmail.com" Signed in through axios/1.3.5 by { req: { method: POST, url: /listify/signUp} } }
13-04-2023 15:13:23 : info --> "user9@gmail.com" Logged In through axios/1.3.5 by { req: { method: POST, url: /listify/login} } }
13-04-2023 15:14:21 : info --> "user9@gmail.com" Logged In through Thunder Client (https://www.thunderclient.com) by { req: { method: POST, url: /listify/login} } }
13-04-2023 15:14:45 : info --> "user1ll@gmail.com" Signed in through axios/1.3.5 by { req: { method: POST, url: /listify/signUp} } }
13-04-2023 15:14:45 : info --> "user9@gmail.com" Signed in through axios/1.3.5 by { req: { method: POST, url: /listify/signUp} } }
13-04-2023 15:15:58 : info --> "user1ll@gmail.com" Signed in through axios/1.3.5 by { req: { method: POST, url: /listify/signUp} } }
13-04-2023 15:15:58 : info --> "user9@gmail.com" Signed in through axios/1.3.5 by { req: { method: POST, url: /listify/signUp} } }
13-04-2023 15:15:58 : info --> "user9@gmail.com" Logged In through axios/1.3.5 by { req: { method: POST, url: /listify/login} } }
13-04-2023 15:16:13 : info --> "user9@gmail.com" Logged In through Thunder Client (https://www.thunderclient.com) by { req: { method: POST, url: /listify/login} } }
13-04-2023 15:16:34 : info --> "user1ll@gmail.com" Signed in through axios/1.3.5 by { req: { method: POST, url: /listify/signUp} } }
13-04-2023 15:16:34 : info --> "user9@gmail.com" Signed in through axios/1.3.5 by { req: { method: POST, url: /listify/signUp} } }
13-04-2023 15:16:34 : info --> "user9@gmail.com" Logged In through axios/1.3.5 by { req: { method: POST, url: /listify/login} } }
13-04-2023 15:17:04 : info --> "user1ll@gmail.com" Signed in through axios/1.3.5 by { req: { method: POST, url: /listify/signUp} } }
13-04-2023 15:17:04 : info --> "user9@gmail.com" Signed in through axios/1.3.5 by { req: { method: POST, url: /listify/signUp} } }
13-04-2023 15:17:10 : info --> "user9@gmail.com" Logged In through Thunder Client (https://www.thunderclient.com) by { req: { method: POST, url: /listify/login} } }
13-04-2023 15:17:26 : info --> "user1ll@gmail.com" Signed in through axios/1.3.5 by { req: { method: POST, url: /listify/signUp} } }
13-04-2023 15:17:26 : info --> "user9@gmail.com" Signed in through axios/1.3.5 by { req: { method: POST, url: /listify/signUp} } }
13-04-2023 15:17:26 : info --> "user9@gmail.com" Logged In through axios/1.3.5 by { req: { method: POST, url: /listify/login} } }
13-04-2023 15:19:45 : info --> "user1ll@gmail.com" Signed in through axios/1.3.5 by { req: { method: POST, url: /listify/signUp} } }
13-04-2023 15:19:45 : info --> "user9@gmail.com" Signed in through axios/1.3.5 by { req: { method: POST, url: /listify/signUp} } }
13-04-2023 15:19:46 : info --> "user9@gmail.com" Logged In through axios/1.3.5 by { req: { method: POST, url: /listify/login} } }
13-04-2023 15:20:42 : info --> "user1ll@gmail.com" Signed in through axios/1.3.5 by { req: { method: POST, url: /listify/signUp} } }
13-04-2023 15:20:42 : info --> "user9@gmail.com" Signed in through axios/1.3.5 by { req: { method: POST, url: /listify/signUp} } }
13-04-2023 15:20:55 : info --> "user1ll@gmail.com" Signed in through axios/1.3.5 by { req: { method: POST, url: /listify/signUp} } }
13-04-2023 15:20:55 : info --> "user9@gmail.com" Signed in through axios/1.3.5 by { req: { method: POST, url: /listify/signUp} } }
13-04-2023 15:20:55 : info --> "user9@gmail.com" Logged In through axios/1.3.5 by { req: { method: POST, url: /listify/login} } }
13-04-2023 15:21:49 : info --> "user1ll@gmail.com" Signed in through axios/1.3.5 by { req: { method: POST, url: /listify/signUp} } }
13-04-2023 15:22:17 : info --> "user142l@gmail.com" Signed in through axios/1.3.5 by { req: { method: POST, url: /listify/signUp} } }
13-04-2023 15:22:17 : info --> "user9@gmail.com" Signed in through axios/1.3.5 by { req: { method: POST, url: /listify/signUp} } }
13-04-2023 15:22:30 : info --> "user142l@gmail.com" Signed in through axios/1.3.5 by { req: { method: POST, url: /listify/signUp} } }
13-04-2023 15:22:30 : info --> "user9@gmail.com" Signed in through axios/1.3.5 by { req: { method: POST, url: /listify/signUp} } }
13-04-2023 15:22:47 : info --> "user142wqerql@gmail.com" Signed in through axios/1.3.5 by { req: { method: POST, url: /listify/signUp} } }
13-04-2023 15:22:47 : info --> "user9@gmail.com" Signed in through axios/1.3.5 by { req: { method: POST, url: /listify/signUp} } }
13-04-2023 15:22:47 : info --> "user9@gmail.com" Logged In through axios/1.3.5 by { req: { method: POST, url: /listify/login} } }
13-04-2023 15:23:33 : info --> "user142wqerql@gmail.com" Signed in through axios/1.3.5 by { req: { method: POST, url: /listify/signUp} } }
13-04-2023 15:23:34 : info --> "user9@gmail.com" Signed in through axios/1.3.5 by { req: { method: POST, url: /listify/signUp} } }
13-04-2023 15:23:38 : info --> "user142wqerql@gmail.com" Signed in through axios/1.3.5 by { req: { method: POST, url: /listify/signUp} } }
13-04-2023 15:23:38 : info --> "user9@gmail.com" Signed in through axios/1.3.5 by { req: { method: POST, url: /listify/signUp} } }
13-04-2023 15:23:45 : info --> "user142wqerql@gmail.com" Signed in through axios/1.3.5 by { req: { method: POST, url: /listify/signUp} } }
13-04-2023 15:24:48 : info --> "user142wqerql@gmail.com" Signed in through axios/1.3.5 by { req: { method: POST, url: /listify/signUp} } }
13-04-2023 15:24:48 : info --> "user9@gmail.com" Signed in through axios/1.3.5 by { req: { method: POST, url: /listify/signUp} } }
13-04-2023 15:24:48 : info --> "user9@gmail.com" Logged In through axios/1.3.5 by { req: { method: POST, url: /listify/login} } }
13-04-2023 15:25:04 : info --> "user142wqerql@gmail.com" Signed in through axios/1.3.5 by { req: { method: POST, url: /listify/signUp} } }
13-04-2023 15:25:04 : info --> "user9@gmail.com" Signed in through axios/1.3.5 by { req: { method: POST, url: /listify/signUp} } }
13-04-2023 15:25:11 : info --> "user142wqerql@gmail.com" Signed in through axios/1.3.5 by { req: { method: POST, url: /listify/signUp} } }
13-04-2023 15:25:11 : info --> "user9@gmail.com" Signed in through axios/1.3.5 by { req: { method: POST, url: /listify/signUp} } }
13-04-2023 16:35:29 : info --> "user9@gmail.com" Logged In through Thunder Client (https://www.thunderclient.com) by { req: { method: POST, url: /listify/login} } }
