10-04-2023 08:34:17 : info -->  Thunder Client (https://www.thunderclient.com) via user4@gmail.com requested to view all tasks { req: { method: GET, url: /listify/tasks} } }
10-04-2023 10:52:48 : info -->  Thunder Client (https://www.thunderclient.com) via user4@gmail.com requested to view all tasks { req: { method: GET, url: /listify/tasks/} } }
10-04-2023 10:57:13 : info -->  Thunder Client (https://www.thunderclient.com) via user4@gmail.com requested to view all tasks { req: { method: GET, url: /listify/tasks/} } }
10--2023 11:21:45 : info -->  Thunder Client (https://www.thunderclient.com) via user4@gmail.com requested to view all tasks { req: { method: GET, url: /listify/tasks} } }
10-04-2023 11:21:52 : info -->  Thunder Client (https://www.thunderclient.com) via user4@gmail.com requested to view all tasks { req: { method: GET, url: /listify/tasks?sortBy=title} } }
10-04-2023 11:21:52 : info -->  Thunder Client (https://www.thunderclient.com) via user4@gmail.com requested to Query on Tasks { req: { method: GET, url: /listify/tasks?sortBy=title} } }
10-04-2023 11:22:13 : info -->  Thunder Client (https://www.thunderclient.com) via user4@gmail.com requested to view all tasks { req: { method: GET, url: /listify/tasks?sortBy=dueDate} } }
10-04-2023 11:22:13 : info -->  Thunder Client (https://www.thunderclient.com) via user4@gmail.com requested to Query on Tasks { req: { method: GET, url: /listify/tasks?sortBy=dueDate} } }
10-04-2023 11:23:06 : info -->  Thunder Client (https://www.thunderclient.com) via user4@gmail.com requested to view all tasks { req: { method: GET, url: /listify/tasks?sortBy=dueDate} } }
10-04-2023 11:23:06 : info -->  Thunder Client (https://www.thunderclient.com) via user4@gmail.com requested to Query on Tasks { req: { method: GET, url: /listify/tasks?sortBy=dueDate} } }
10-04-2023 11:23:22 : info -->  Thunder Client (https://www.thunderclient.com) via user4@gmail.com requested to view all tasks { req: { method: GET, url: /listify/tasks?sortBy=dueDate} } }
10-04-2023 11:23:22 : info -->  Thunder Client (https://www.thunderclient.com) via user4@gmail.com requested to Query on Tasks { req: { method: GET, url: /listify/tasks?sortBy=dueDate} } }
10-04-2023 11:38:02 : info -->  Thunder Client (https://www.thunderclient.com) via user4@gmail.com requested to modify Task 7 { req: { method: PUT, url: /listify/tasks/7} } }
10-04-2023 11:38:07 : info -->  Thunder Client (https://www.thunderclient.com) via user4@gmail.com requested to view Task 7 { req: { method: GET, url: /listify/tasks/7} } }
10-04-2023 23:47:55 : info -->  Thunder Client (https://www.thunderclient.com) via user9@gmail.com requested to view all tasks { req: { method: GET, url: /listify/tasks?tasksPerPage=1&pageNumber=3} } }
10-04-2023 23:47:55 : info -->  Thunder Client (https://www.thunderclient.com) via user9@gmail.com requested to Query on Tasks { req: { method: GET, url: /listify/tasks?tasksPerPage=1&pageNumber=3} } }
10-04-2023 23:48:00 : info -->  Thunder Client (https://www.thunderclient.com) via user9@gmail.com requested to view all tasks { req: { method: GET, url: /listify/tasks?tasksPerPage=1&pageNumber=30} } }
10-04-2023 23:48:00 : info -->  Thunder Client (https://www.thunderclient.com) via user9@gmail.com requested to Query on Tasks { req: { method: GET, url: /listify/tasks?tasksPerPage=1&pageNumber=30} } }
11-04-2023 08:46:57 : info -->  Thunder Client (https://www.thunderclient.com) via user556@gmail.com requested to create Task 1 { req: { method: POST, url: /listify/tasks/} } }
11-04-2023 23:59:52 : info -->  Thunder Client (https://www.thunderclient.com) via user9@gmail.com requested to view all tasks { req: { method: GET, url: /listify/tasks/} } }
12-04-2023 00:02:09 : info -->  Thunder Client (https://www.thunderclient.com) via user9@gmail.com requested to create Task 200 { req: { method: POST, url: /listify/tasks/} } }
12-04-2023 00:04:58 : info -->  Thunder Client (https://www.thunderclient.com) via user9@gmail.com requested to create Task 200 { req: { method: POST, url: /listify/tasks/} } }
12-04-2023 00:06:59 : info -->  Thunder Client (https://www.thunderclient.com) via user9@gmail.com requested to create Task 200 { req: { method: POST, url: /listify/tasks/} } }
12-04-2023 00:07:00 : info -->  Thunder Client (https://www.thunderclient.com) via user9@gmail.com requested to create Task 200 { req: { method: POST, url: /listify/tasks/} } }
12-04-2023 00:09:56 : info -->  axios/1.3.5 via user9@gmail.com requested to create Task 2 { req: { method: POST, url: /listify/tasks/} } }
12-04-2023 00:11:14 : info -->  axios/1.3.5 via user9@gmail.com requested to create Task 2 { req: { method: POST, url: /listify/tasks/} } }
12-04-2023 00:11:23 : info -->  Thunder Client (https://www.thunderclient.com) via user9@gmail.com requested to create Task 200 { req: { method: POST, url: /listify/tasks/} } }
12-04-2023 00:11:24 : info -->  Thunder Client (https://www.thunderclient.com) via user9@gmail.com requested to create Task 200 { req: { method: POST, url: /listify/tasks/} } }
12-04-2023 00:12:13 : info -->  axios/1.3.5 via user9@gmail.com requested to create Task 2 { req: { method: POST, url: /listify/tasks/} } }
12-04-2023 00:12:17 : info -->  axios/1.3.5 via user9@gmail.com requested to create Task 2 { req: { method: POST, url: /listify/tasks/} } }
2023 15:20:39 : info -->  axios/1.3.5 via user9@gmail.com requested to delete Task 1 { req: { method: DELETE, url: /listify/tasks/1} } }
13-04-2023 15:20:39 : info -->  axios/1.3.5 via user9@gmail.com requested to delete Task 1 { req: { method: DELETE, url: /listify/tasks/1} } }
13-04-2023 15:21:49 : info -->  axios/1.3.5 via user9@gmail.com requested to create Task 2092 { req: { method: POST, url: /listify/tasks} } }
13-04-2023 15:21:49 : info -->  axios/1.3.5 via user9@gmail.com requested to create Task 1 { req: { method: POST, url: /listify/tasks} } }
13-04-2023 15:21:49 : info -->  axios/1.3.5 via user9@gmail.com requested to view all tasks { req: { method: GET, url: /listify/tasks} } }
13-04-2023 15:21:49 : info -->  axios/1.3.5 via user9@gmail.com requested to view all tasks { req: { method: GET, url: /listify/tasks?title=not} } }
13-04-2023 15:21:49 : info -->  axios/1.3.5 via user9@gmail.com requested to Query on Tasks { req: { method: GET, url: /listify/tasks?title=not} } }
13-04-2023 15:21:49 : info -->  axios/1.3.5 via user9@gmail.com requested to view all tasks { req: { method: GET, url: /listify/tasks?comments=sarcasm} } }
13-04-2023 15:21:49 : info -->  axios/1.3.5 via user9@gmail.com requested to Query on Tasks { req: { method: GET, url: /listify/tasks?comments=sarcasm} } }
13-04-2023 15:21:49 : info -->  axios/1.3.5 via user9@gmail.com requested to view all tasks { req: { method: GET, url: /listify/tasks?sortBy=title} } }
13-04-2023 15:21:49 : info -->  axios/1.3.5 via user9@gmail.com requested to Query on Tasks { req: { method: GET, url: /listify/tasks?sortBy=title} } }
13-04-2023 15:21:49 : info -->  axios/1.3.5 via user9@gmail.com requested to view all tasks { req: { method: GET, url: /listify/tasks?sortBy=comment} } }
13-04-2023 15:21:49 : info -->  axios/1.3.5 via user9@gmail.com requested to Query on Tasks { req: { method: GET, url: /listify/tasks?sortBy=comment} } }
13-04-2023 15:21:49 : info -->  axios/1.3.5 via user9@gmail.com requested to view all tasks { req: { method: GET, url: /listify/tasks?sortBy=title&order=descending} } }
13-04-2023 15:21:49 : info -->  axios/1.3.5 via user9@gmail.com requested to Query on Tasks { req: { method: GET, url: /listify/tasks?sortBy=title&order=descending} } }
13-04-2023 15:21:49 : info -->  axios/1.3.5 via user9@gmail.com requested to view all tasks { req: { method: GET, url: /listify/tasks?sortBy=title&order=chumma} } }
13-04-2023 15:21:49 : info -->  axios/1.3.5 via user9@gmail.com requested to Query on Tasks { req: { method: GET, url: /listify/tasks?sortBy=title&order=chumma} } }
13-04-2023 15:21:49 : info -->  axios/1.3.5 via user9@gmail.com requested to view all tasks { req: { method: GET, url: /listify/tasks?tasks=3} } }
13-04-2023 15:21:49 : info -->  axios/1.3.5 via user9@gmail.com requested to Query on Tasks { req: { method: GET, url: /listify/tasks?tasks=3} } }
13-04-2023 15:21:49 : info -->  axios/1.3.5 via user9@gmail.com requested to view all tasks { req: { method: GET, url: /listify/tasks?tasksPerPage=3} } }
13-04-2023 15:21:49 : info -->  axios/1.3.5 via user9@gmail.com requested to Query on Tasks { req: { method: GET, url: /listify/tasks?tasksPerPage=3} } }
13-04-2023 15:21:49 : info -->  axios/1.3.5 via user9@gmail.com requested to view all tasks { req: { method: GET, url: /listify/tasks?tasksPerPage=3&pageNumber=2} } }
13-04-2023 15:21:49 : info -->  axios/1.3.5 via user9@gmail.com requested to Query on Tasks { req: { method: GET, url: /listify/tasks?tasksPerPage=3&pageNumber=2} } }
13-04-2023 15:21:49 : info -->  axios/1.3.5 via user9@gmail.com requested to view all tasks { req: { method: GET, url: /listify/tasks?tasksPerPage=3&pageNumber=200} } }
13-04-2023 15:21:49 : info -->  axios/1.3.5 via user9@gmail.com requested to Query on Tasks { req: { method: GET, url: /listify/tasks?tasksPerPage=3&pageNumber=200} } }
13-04-2023 15:21:49 : info -->  axios/1.3.5 via user9@gmail.com requested to modify Task 1 { req: { method: PUT, url: /listify/tasks/1} } }
13-04-2023 15:21:49 : info -->  axios/1.3.5 via user9@gmail.com requested to delete Task 1 { req: { method: DELETE, url: /listify/tasks/1} } }
13-04-2023 15:21:49 : info -->  axios/1.3.5 via user9@gmail.com requested to delete Task 1 { req: { method: DELETE, url: /listify/tasks/1} } }
13-04-2023 15:22:17 : info -->  axios/1.3.5 via user9@gmail.com requested to create Task 2092 { req: { method: POST, url: /listify/tasks} } }
13-04-2023 15:22:17 : info -->  axios/1.3.5 via user9@gmail.com requested to create Task 1 { req: { method: POST, url: /listify/tasks} } }
13-04-2023 15:22:17 : info -->  axios/1.3.5 via user9@gmail.com requested to view all tasks { req: { method: GET, url: /listify/tasks} } }
13-04-2023 15:22:17 : info -->  axios/1.3.5 via user9@gmail.com requested to view all tasks { req: { method: GET, url: /listify/tasks?title=not} } }
13-04-2023 15:22:17 : info -->  axios/1.3.5 via user9@gmail.com requested to Query on Tasks { req: { method: GET, url: /listify/tasks?title=not} } }
13-04-2023 15:22:17 : info -->  axios/1.3.5 via user9@gmail.com requested to view all tasks { req: { method: GET, url: /listify/tasks?comments=sarcasm} } }
13-04-2023 15:22:17 : info -->  axios/1.3.5 via user9@gmail.com requested to Query on Tasks { req: { method: GET, url: /listify/tasks?comments=sarcasm} } }
13-04-2023 15:22:17 : info -->  axios/1.3.5 via user9@gmail.com requested to view all tasks { req: { method: GET, url: /listify/tasks?sortBy=title} } }
13-04-2023 15:22:17 : info -->  axios/1.3.5 via user9@gmail.com requested to Query on Tasks { req: { method: GET, url: /listify/tasks?sortBy=title} } }
13-04-2023 15:22:19 : info -->  axios/1.3.5 via user9@gmail.com requested to create Task 2092 { req: { method: POST, url: /listify/tasks} } }
13-04-2023 15:22:19 : info -->  axios/1.3.5 via user9@gmail.com requested to create Task 1 { req: { method: POST, url: /listify/tasks} } }
13-04-2023 15:22:19 : info -->  axios/1.3.5 via user9@gmail.com requested to view all tasks { req: { method: GET, url: /listify/tasks} } }
13-04-2023 15:22:19 : info -->  axios/1.3.5 via user9@gmail.com requested to view all tasks { req: { method: GET, url: /listify/tasks?title=not} } }
13-04-2023 15:22:19 : info -->  axios/1.3.5 via user9@gmail.com requested to Query on Tasks { req: { method: GET, url: /listify/tasks?title=not} } }
13-04-2023 15:22:19 : info -->  axios/1.3.5 via user9@gmail.com requested to view all tasks { req: { method: GET, url: /listify/tasks?comments=sarcasm} } }
13-04-2023 15:22:19 : info -->  axios/1.3.5 via user9@gmail.com requested to Query on Tasks { req: { method: GET, url: /listify/tasks?comments=sarcasm} } }
13-04-2023 15:22:19 : info -->  axios/1.3.5 via user9@gmail.com requested to view all tasks { req: { method: GET, url: /listify/tasks?sortBy=title} } }
13-04-2023 15:22:19 : info -->  axios/1.3.5 via user9@gmail.com requested to Query on Tasks { req: { method: GET, url: /listify/tasks?sortBy=title} } }
13-04-2023 15:22:19 : info -->  axios/1.3.5 via user9@gmail.com requested to view all tasks { req: { method: GET, url: /listify/tasks?sortBy=comment} } }
13-04-2023 15:22:19 : info -->  axios/1.3.5 via user9@gmail.com requested to Query on Tasks { req: { method: GET, url: /listify/tasks?sortBy=comment} } }
13-04-2023 15:22:19 : info -->  axios/1.3.5 via user9@gmail.com requested to view all tasks { req: { method: GET, url: /listify/tasks?sortBy=title&order=descending} } }
13-04-2023 15:22:19 : info -->  axios/1.3.5 via user9@gmail.com requested to Query on Tasks { req: { method: GET, url: /listify/tasks?sortBy=title&order=descending} } }
13-04-2023 15:22:19 : info -->  axios/1.3.5 via user9@gmail.com requested to view all tasks { req: { method: GET, url: /listify/tasks?sortBy=title&order=chumma} } }
13-04-2023 15:22:19 : info -->  axios/1.3.5 via user9@gmail.com requested to Query on Tasks { req: { method: GET, url: /listify/tasks?sortBy=title&order=chumma} } }
13-04-2023 15:22:19 : info -->  axios/1.3.5 via user9@gmail.com requested to view all tasks { req: { method: GET, url: /listify/tasks?tasks=3} } }
13-04-2023 15:22:19 : info -->  axios/1.3.5 via user9@gmail.com requested to Query on Tasks { req: { method: GET, url: /listify/tasks?tasks=3} } }
13-04-2023 15:22:19 : info -->  axios/1.3.5 via user9@gmail.com requested to view all tasks { req: { method: GET, url: /listify/tasks?tasksPerPage=3} } }
13-04-2023 15:22:19 : info -->  axios/1.3.5 via user9@gmail.com requested to Query on Tasks { req: { method: GET, url: /listify/tasks?tasksPerPage=3} } }
13-04-2023 15:22:19 : info -->  axios/1.3.5 via user9@gmail.com requested to view all tasks { req: { method: GET, url: /listify/tasks?tasksPerPage=3&pageNumber=2} } }
13-04-2023 15:22:19 : info -->  axios/1.3.5 via user9@gmail.com requested to Query on Tasks { req: { method: GET, url: /listify/tasks?tasksPerPage=3&pageNumber=2} } }
13-04-2023 15:22:19 : info -->  axios/1.3.5 via user9@gmail.com requested to view all tasks { req: { method: GET, url: /listify/tasks?tasksPerPage=3&pageNumber=200} } }
13-04-2023 15:22:19 : info -->  axios/1.3.5 via user9@gmail.com requested to Query on Tasks { req: { method: GET, url: /listify/tasks?tasksPerPage=3&pageNumber=200} } }
13-04-2023 15:22:19 : info -->  axios/1.3.5 via user9@gmail.com requested to modify Task 1 { req: { method: PUT, url: /listify/tasks/1} } }
13-04-2023 15:22:19 : info -->  axios/1.3.5 via user9@gmail.com requested to delete Task 1 { req: { method: DELETE, url: /listify/tasks/1} } }
13-04-2023 15:22:19 : info -->  axios/1.3.5 via user9@gmail.com requested to delete Task 1 { req: { method: DELETE, url: /listify/tasks/1} } }
13-04-2023 15:22:33 : info -->  axios/1.3.5 via user9@gmail.com requested to create Task 2092 { req: { method: POST, url: /listify/tasks} } }
13-04-2023 15:22:33 : info -->  axios/1.3.5 via user9@gmail.com requested to create Task 1 { req: { method: POST, url: /listify/tasks} } }
13-04-2023 15:22:33 : info -->  axios/1.3.5 via user9@gmail.com requested to view all tasks { req: { method: GET, url: /listify/tasks} } }
13-04-2023 15:22:33 : info -->  axios/1.3.5 via user9@gmail.com requested to view all tasks { req: { method: GET, url: /listify/tasks?title=not} } }
13-04-2023 15:22:33 : info -->  axios/1.3.5 via user9@gmail.com requested to Query on Tasks { req: { method: GET, url: /listify/tasks?title=not} } }
13-04-2023 15:23:45 : info -->  axios/1.3.5 via user9@gmail.com requested to create Task 2092 { req: { method: POST, url: /listify/tasks} } }
